<?xml version="1.0" encoding="UTF-8"?>
<!-- Generated by org.testng.reporters.JUnitReportReporter -->
<testsuite hostname="INBook_X1_Pro" failures="0" tests="3" name="runner.TestNGTestRunner" time="9.399" errors="0" timestamp="2023-02-01T16:39:36 IST" skipped="0">
  <testcase classname="runner.TestNGTestRunner" name="runScenario" time="2.653"/>
  <system-out/>
  <testcase classname="runner.TestNGTestRunner" name="runScenario" time="4.347"/>
  <system-out/>
  <testcase classname="runner.TestNGTestRunner" name="runScenario" time="2.399"/>
  <system-out/>
</testsuite> <!-- runner.TestNGTestRunner -->
